<?xml version="1.0" encoding="UTF-8"?>
<!-- Generated by org.testng.reporters.JUnitXMLReporter -->
<testsuite hostname="PRINHYLTPHP0989" ignored="0" name="Command line test" tests="8" failures="0" timestamp="2020-01-09T15:19:07 IST" time="52.119" errors="0">
  <testcase name="savvyPage" time="30.806" classname="com.test.SavvyTest"/>
  <testcase name="verfiy" time="0.073" classname="com.test.SavvyTest"/>
  <testcase name="searching" time="2.317" classname="com.test.SavvyTest"/>
  <testcase name="searching2" time="6.676" classname="com.test.SavvyTest"/>
  <testcase name="swap" time="3.837" classname="com.test.SavvyTest"/>
  <testcase name="delete" time="2.488" classname="com.test.SavvyTest"/>
  <testcase name="hyperlink" time="5.701" classname="com.test.SavvyTest"/>
  <testcase name="quit" time="0.173" classname="com.test.SavvyTest"/>
</testsuite> <!-- Command line test -->
